LARLITE_BASEDIR = /cluster/tufts/wongjiradlab/kmason03/testdir/ubdl/larlite
LARLITE_PYTHON_VERSION =  2
LARLITE_PYTHON = python2
[93mSpecified UserDev packages to be compiled by a user:[0m

Finish configuration. To build, type:
> cd $LARLITE_BASEDIR
> make

GEO2D_BASEDIR = /cluster/tufts/wongjiradlab/kmason03/testdir/ubdl/Geo2D
GEO2D_PYTHON_VERSION =  2
GEO2D_PYTHON = python2

Finish configuration. To build, type:
> cd $GEO2D_BASEDIR
> make

/cluster/tufts/wongjiradlab/kmason03/testdir/ubdl/LArOpenCV
LAROPENCV_PYTHON_VERSION =  2
LAROPENCV_PYTHON = python2
[93mANN: approximate nearest neighboor[00m
    Found ANN package
[93mlibTorch[00m Building with libtorch (PyTorch C++ API) support 

[93mLArCV[00m FYI shell env. may useful for external packages:
    [95mLARCV_INCDIR[00m   = /cluster/tufts/wongjiradlab/kmason03/testdir/ubdl/larcv/build/installed/include
    [95mLARCV_LIBDIR[00m   = /cluster/tufts/wongjiradlab/kmason03/testdir/ubdl/larcv/build/installed/lib
    [95mLARCV_BUILDDIR[00m = /cluster/tufts/wongjiradlab/kmason03/testdir/ubdl/larcv/build

Finish configuration. To build, type:
> cd $LARCV_BUILDDIR
> make 

LARLITE_BASEDIR = /cluster/tufts/wongjiradlab/kmason03/testdir/ubdl/larlite
LARLITE_PYTHON_VERSION =  2 (ALREADY SPECIFIED)
LARLITE_PYTHON = python2
[93mSpecified UserDev packages to be compiled by a user:[0m

Finish configuration. To build, type:
> cd $LARLITE_BASEDIR
> make

GEO2D_BASEDIR = /cluster/tufts/wongjiradlab/kmason03/testdir/ubdl/Geo2D
GEO2D_PYTHON_VERSION =  2 (ALREADY SPECIFIED)
GEO2D_PYTHON = python2

Finish configuration. To build, type:
> cd $GEO2D_BASEDIR
> make

/cluster/tufts/wongjiradlab/kmason03/testdir/ubdl/LArOpenCV
LAROPENCV_PYTHON_VERSION =  2 (ALREADY SPECIFIED)
LAROPENCV_PYTHON = python2
[93mANN: approximate nearest neighboor[00m
    Found ANN package
[93mlibTorch[00m Building with libtorch (PyTorch C++ API) support 

[93mLArCV[00m FYI shell env. may useful for external packages:
    [95mLARCV_INCDIR[00m   = /cluster/tufts/wongjiradlab/kmason03/testdir/ubdl/larcv/build/installed/include
    [95mLARCV_LIBDIR[00m   = /cluster/tufts/wongjiradlab/kmason03/testdir/ubdl/larcv/build/installed/lib
    [95mLARCV_BUILDDIR[00m = /cluster/tufts/wongjiradlab/kmason03/testdir/ubdl/larcv/build

Finish configuration. To build, type:
> cd $LARCV_BUILDDIR
> make 

--------------------------------------------------------
missing the weight files for ubssnet.
go to ublarcvserver/networks/pytorch-uresnet/weights
and run get_weights.sh if you are running the workers
--------------------------------------------------------

Ready to go.
 Run ./start_ublarcvserver_broker.py to start the server
 Run ./start_ubssnet_worker.py to start a worker
 Run ./start_ubssnet_client.py to start a client
back to start dir
/cluster/tufts/wongjiradlab/kmason03/testdir/ubdl/ublarcvserver/app/UBInfill/sparseinfill
cuda:0
python /cluster/tufts/wongjiradlab/kmason03/testdir/ubdl/ublarcvserver/app/UBInfill/sparseinfill/start_ublarcvserver_sparseinfill_worker.py -l /tmp/worker_id0.log -brokeraddr tcp://localhost:6000 -m cuda:0 -w /cluster/tufts/wongjiradlab/larbys/ssnet_models/
('planes: ', [0, 1, 2])
('devices: ', ['cuda:0', 'cuda:0', 'cuda:0'])
